0 info it worked if it ends with ok
1 verbose cli [ 'C:\\Program Files\\nodejs\\node.exe',
1 verbose cli   'C:\\Users\\Mike\\AppData\\Roaming\\npm\\node_modules\\npm\\bin\\npm-cli.js',
1 verbose cli   'start' ]
2 info using npm@3.10.8
3 info using node@v6.5.0
4 verbose run-script [ 'prestart', 'start', 'poststart' ]
5 info lifecycle angular2-foundation@0.3.0~prestart: angular2-foundation@0.3.0
6 silly lifecycle angular2-foundation@0.3.0~prestart: no script for prestart, continuing
7 info lifecycle angular2-foundation@0.3.0~start: angular2-foundation@0.3.0
8 verbose lifecycle angular2-foundation@0.3.0~start: unsafe-perm in lifecycle true
9 verbose lifecycle angular2-foundation@0.3.0~start: PATH: C:\Users\Mike\AppData\Roaming\npm\node_modules\npm\bin\node-gyp-bin;D:\Development\angular\angular2\components\components\node_modules\.bin;C:\ProgramData\Oracle\Java\javapath;D:\Program Files (x86)\Ruby193\bin;D:\Program Files\Perl64\site\bin;D:\Program Files\Perl64\bin;C:\WINDOWS\system32;C:\WINDOWS;C:\WINDOWS\System32\Wbem;C:\WINDOWS\System32\WindowsPowerShell\v1.0\;C:\Program Files (x86)\ATI Technologies\ATI.ACE\Core-Static;C:\Program Files (x86)\Common Files\Acronis\SnapAPI\;C:\Program Files (x86)\Acronis\TrueImageHome\;C:\Program Files (x86)\Calibre2\;C:\Python27;C:\Program Files\Java\jdk1.8.0_91\bin;D:\Program Files (x86)\WinAnt\bin;C:\Program Files (x86)\GnuWin32\bin\;C:\Program Files (x86)\git\cmd;C:\Program Files (x86)\Microsoft Visual Studio 8\VC\vcpackages;C:\ProgramData\ComposerSetup\bin;C:\Program Files (x86)\AMD\ATI.ACE\Core-Static;PHANTOMJS_CDNURL=http://cnpmjs.org/downloads npm install phantomjs;C:\Program Files\TortoiseSVN\bin;D:\Program Files (x86)\phantomjs\phantomjs-2.1.1-windows\bin;D:\Program Files (x86)\Heroku\bin;D:\Program Files (x86)\wamp\bin\php\php5.5.12;C:\Program Files\cURL\bin;C:\Program Files (x86)\Common Files\Acronis\VirtualFile\;C:\Program Files (x86)\Common Files\Acronis\VirtualFile64\;D:\Users\Mike\AppData\Local\Android\sdk\platform-tools\;C:\Users\Mike\AppData\Roaming\npm;C:\Program Files (x86)\Windows Kits\10\Windows Performance Toolkit\;C:\Program Files (x86)\Windows Live\Shared;C:\ProgramData\chocolatey\bin;C:\Program Files\Git\cmd;C:\Program Files\nodejs\;C:\WINDOWS\system32;C:\WINDOWS;C:\WINDOWS\System32\Wbem;C:\WINDOWS\System32\WindowsPowerShell\v1.0\;C:\Users\Mike\AppData\Local\Code\bin;C:\Program Files (x86)\Microsoft VS Code\bin;C:\Users\Mike\AppData\Local\.meteor\;C:\Users\Mike\AppData\Local\Microsoft\WindowsApps
10 verbose lifecycle angular2-foundation@0.3.0~start: CWD: D:\Development\angular\angular2\components\components
11 silly lifecycle angular2-foundation@0.3.0~start: Args: [ '/d /s /c',
11 silly lifecycle   'tsc && concurrently "npm run tsc:w" "npm run lite" ' ]
12 silly lifecycle angular2-foundation@0.3.0~start: Returned: code: 2  signal: null
13 info lifecycle angular2-foundation@0.3.0~start: Failed to exec start script
14 verbose stack Error: angular2-foundation@0.3.0 start: `tsc && concurrently "npm run tsc:w" "npm run lite" `
14 verbose stack Exit status 2
14 verbose stack     at EventEmitter.<anonymous> (C:\Users\Mike\AppData\Roaming\npm\node_modules\npm\lib\utils\lifecycle.js:255:16)
14 verbose stack     at emitTwo (events.js:106:13)
14 verbose stack     at EventEmitter.emit (events.js:191:7)
14 verbose stack     at ChildProcess.<anonymous> (C:\Users\Mike\AppData\Roaming\npm\node_modules\npm\lib\utils\spawn.js:40:14)
14 verbose stack     at emitTwo (events.js:106:13)
14 verbose stack     at ChildProcess.emit (events.js:191:7)
14 verbose stack     at maybeClose (internal/child_process.js:877:16)
14 verbose stack     at Process.ChildProcess._handle.onexit (internal/child_process.js:226:5)
15 verbose pkgid angular2-foundation@0.3.0
16 verbose cwd D:\Development\angular\angular2\components\components
17 error Windows_NT 10.0.14393
18 error argv "C:\\Program Files\\nodejs\\node.exe" "C:\\Users\\Mike\\AppData\\Roaming\\npm\\node_modules\\npm\\bin\\npm-cli.js" "start"
19 error node v6.5.0
20 error npm  v3.10.8
21 error code ELIFECYCLE
22 error angular2-foundation@0.3.0 start: `tsc && concurrently "npm run tsc:w" "npm run lite" `
22 error Exit status 2
23 error Failed at the angular2-foundation@0.3.0 start script 'tsc && concurrently "npm run tsc:w" "npm run lite" '.
23 error Make sure you have the latest version of node.js and npm installed.
23 error If you do, this is most likely a problem with the angular2-foundation package,
23 error not with npm itself.
23 error Tell the author that this fails on your system:
23 error     tsc && concurrently "npm run tsc:w" "npm run lite"
23 error You can get information on how to open an issue for this project with:
23 error     npm bugs angular2-foundation
23 error Or if that isn't available, you can get their info via:
23 error     npm owner ls angular2-foundation
23 error There is likely additional logging output above.
24 verbose exit [ 1, true ]
